
/home/runner/work/exp-instrumented-indentation-of-materials-iitk/exp-instrumented-indentation-of-materials-iitk/experiment/simulation/js/components.js
    1:10  warning  'MIT' is defined but never used                        no-unused-vars
   17:22  warning  'ContextMenu' is not defined                           no-undef
   17:43  warning  'ContextMenu' is not defined                           no-undef
   29:7   warning  'machineDirection' is assigned a value but never used  no-unused-vars
   71:23  warning  'ContextMenu' is not defined                           no-undef
   97:5   warning  'x' is not defined                                     no-undef
   98:5   warning  'y' is not defined                                     no-undef
  102:16  warning  'y' is not defined                                     no-undef
  103:16  warning  'x' is not defined                                     no-undef
  107:28  warning  'x' is not defined                                     no-undef
  107:31  warning  'y' is not defined                                     no-undef
  123:11  warning  'CURRENT_SAMPLE' is not defined                        no-undef
  125:18  warning  'CURRENT_SAMPLE' is not defined                        no-undef
  127:18  warning  'CURRENT_SAMPLE' is not defined                        no-undef
  144:9   warning  'step' is not defined                                  no-undef
  145:22  warning  'step' is not defined                                  no-undef
  156:9   warning  'step' is not defined                                  no-undef
  157:22  warning  'step' is not defined                                  no-undef
  180:5   warning  'boundary' is not defined                              no-undef
  189:13  warning  'boundary' is not defined                              no-undef
  189:34  warning  'boundary' is not defined                              no-undef
  189:55  warning  'boundary' is not defined                              no-undef
  189:76  warning  'boundary' is not defined                              no-undef
  201:12  warning  'drawLine' is defined but never used                   no-unused-vars
  208:27  warning  'event' is defined but never used                      no-unused-vars
  221:29  warning  'event' is defined but never used                      no-unused-vars
  230:11  warning  'rect' is assigned a value but never used              no-unused-vars
  277:23  warning  'ContextMenu' is not defined                           no-undef
  302:23  warning  'ContextMenu' is not defined                           no-undef
  311:15  warning  'sample' is not defined                                no-undef
  366:10  warning  'Sample' is defined but never used                     no-unused-vars
  369:5   warning  'assetPath' is assigned a value but never used         no-unused-vars
  369:17  warning  'SAMPLE_ASSETS_PATH' is not defined                    no-undef
  386:22  warning  'ContextMenu' is not defined                           no-undef
  386:43  warning  'ContextMenu' is not defined                           no-undef
  388:25  warning  'ContextMenu' is not defined                           no-undef
  388:50  warning  'ContextMenu' is not defined                           no-undef
  417:23  warning  'ContextMenu' is not defined                           no-undef
  425:5   warning  'x' is not defined                                     no-undef
  426:5   warning  'y' is not defined                                     no-undef
  429:7   warning  'x' is not defined                                     no-undef
  429:12  warning  'x' is not defined                                     no-undef
  430:7   warning  'y' is not defined                                     no-undef
  430:12  warning  'y' is not defined                                     no-undef
  435:9   warning  'CURRENT_SAMPLE' is not defined                        no-undef
  437:16  warning  'CURRENT_SAMPLE' is not defined                        no-undef
  439:16  warning  'CURRENT_SAMPLE' is not defined                        no-undef
  449:34  warning  'x' is not defined                                     no-undef
  449:37  warning  'y' is not defined                                     no-undef
  459:9   warning  'step' is not defined                                  no-undef
  460:22  warning  'step' is not defined                                  no-undef
  471:9   warning  'step' is not defined                                  no-undef
  472:22  warning  'step' is not defined                                  no-undef
  486:7   warning  'boundary' is not defined                              no-undef
  493:7   warning  'boundary' is not defined                              no-undef
  503:13  warning  'boundary' is not defined                              no-undef
  503:34  warning  'boundary' is not defined                              no-undef
  503:55  warning  'boundary' is not defined                              no-undef
  503:76  warning  'boundary' is not defined                              no-undef
  515:27  warning  'event' is defined but never used                      no-unused-vars
  530:11  warning  'mit' is not defined                                   no-undef
  530:18  warning  'mit' is not defined                                   no-undef
  530:36  warning  'mit' is not defined                                   no-undef
  531:9   warning  'mit' is not defined                                   no-undef
  579:23  warning  'ContextMenu' is not defined                           no-undef
  582:20  warning  'destory' is not defined                               no-undef

/home/runner/work/exp-instrumented-indentation-of-materials-iitk/exp-instrumented-indentation-of-materials-iitk/experiment/simulation/js/context.js
  1:7  warning  'ContextMenu' is defined but never used  no-unused-vars

/home/runner/work/exp-instrumented-indentation-of-materials-iitk/exp-instrumented-indentation-of-materials-iitk/experiment/simulation/js/index.js
   37:5   warning  'sampleLength' is assigned a value but never used         no-unused-vars
   38:5   warning  'sampleDiameter' is assigned a value but never used       no-unused-vars
   39:5   warning  'sampleFinalLength' is assigned a value but never used    no-unused-vars
   40:5   warning  'sampleFinalDiameter' is assigned a value but never used  no-unused-vars
   45:10  warning  'handle' is defined but never used                        no-unused-vars
   50:10  warning  'handleStep1' is defined but never used                   no-unused-vars
   62:10  warning  'handleStep2' is defined but never used                   no-unused-vars
   65:8   warning  'mit' is not defined                                      no-undef
  104:5   warning  'mit' is not defined                                      no-undef
  111:7   warning  'mit' is not defined                                      no-undef
  120:9   warning  'mit' is not defined                                      no-undef
  167:10  warning  'handleStep3' is defined but never used                   no-unused-vars
  180:10  warning  'handleStep4' is defined but never used                   no-unused-vars
  190:3   warning  'modal' is not defined                                    no-undef
  190:15  warning  'Modal' is not defined                                    no-undef
  318:3   warning  'modal' is not defined                                    no-undef
  337:36  warning  'labelX' is defined but never used                        no-unused-vars
  337:44  warning  'labelY' is defined but never used                        no-unused-vars
  347:38  warning  'Chart' is not defined                                    no-undef

/home/runner/work/exp-instrumented-indentation-of-materials-iitk/exp-instrumented-indentation-of-materials-iitk/experiment/simulation/js/main.js
   11:5   warning  'vc' is assigned a value but never used              no-unused-vars
   13:5   warning  'samplePath' is assigned a value but never used      no-unused-vars
   14:5   warning  'CURRENT_SAMPLE' is assigned a value but never used  no-unused-vars
   24:9   warning  'MIT' is not defined                                 no-undef
   26:12  warning  'Sample' is not defined                              no-undef
   59:10  warning  'i' is not defined                                   no-undef
   59:18  warning  'i' is not defined                                   no-undef
   59:36  warning  'i' is not defined                                   no-undef
   60:12  warning  'j' is not defined                                   no-undef
   60:20  warning  'j' is not defined                                   no-undef
   60:39  warning  'j' is not defined                                   no-undef
   61:22  warning  'i' is not defined                                   no-undef
   61:25  warning  'j' is not defined                                   no-undef
  132:24  warning  'event' is defined but never used                    no-unused-vars
  167:5   warning  'img' is not defined                                 no-undef
  168:5   warning  'img' is not defined                                 no-undef
  169:5   warning  'img' is not defined                                 no-undef
  170:5   warning  'img' is not defined                                 no-undef
  171:33  warning  'img' is not defined                                 no-undef
  172:24  warning  'img' is not defined                                 no-undef
  186:40  warning  'e' is defined but never used                        no-unused-vars
  237:10  warning  'loadSample' is defined but never used               no-unused-vars

/home/runner/work/exp-instrumented-indentation-of-materials-iitk/exp-instrumented-indentation-of-materials-iitk/experiment/simulation/js/modal.js
    4:7   warning  'Modal' is defined but never used  no-unused-vars
  106:40  warning  'e' is defined but never used      no-unused-vars
  117:40  warning  'e' is defined but never used      no-unused-vars
  128:40  warning  'e' is defined but never used      no-unused-vars

/home/runner/work/exp-instrumented-indentation-of-materials-iitk/exp-instrumented-indentation-of-materials-iitk/experiment/simulation/js/popover.js
  39:7  warning  'Popover' is defined but never used  no-unused-vars

✖ 113 problems (0 errors, 113 warnings)

